d:\2k1s\кпо\curseproject\tns-2022\tns-2022\tns-2022\debug\vc143.pdb
d:\2k1s\кпо\curseproject\tns-2022\tns-2022\tns-2022\debug\vc143.idb
d:\2k1s\кпо\curseproject\tns-2022\tns-2022\tns-2022\debug\parm.obj
d:\2k1s\кпо\curseproject\tns-2022\tns-2022\tns-2022\debug\out.obj
d:\2k1s\кпо\curseproject\tns-2022\tns-2022\tns-2022\debug\lt.obj
d:\2k1s\кпо\curseproject\tns-2022\tns-2022\tns-2022\debug\log.obj
d:\2k1s\кпо\curseproject\tns-2022\tns-2022\tns-2022\debug\it.obj
d:\2k1s\кпо\curseproject\tns-2022\tns-2022\tns-2022\debug\in.obj
d:\2k1s\кпо\curseproject\tns-2022\tns-2022\tns-2022\debug\fst.obj
d:\2k1s\кпо\curseproject\tns-2022\tns-2022\tns-2022\debug\error.obj
d:\2k1s\кпо\curseproject\tns-2022\tns-2022\tns-2022\debug\tns-2022.obj
d:\2k1s\кпо\curseproject\tns-2022\tns-2022\tns-2022\debug\lexanalysis.obj
d:\2k1s\кпо\curseproject\tns-2022\tns-2022\tns-2022\debug\grb.obj
d:\2k1s\кпо\curseproject\tns-2022\tns-2022\tns-2022\debug\mfst.obj
d:\2k1s\кпо\curseproject\tns-2022\tns-2022\tns-2022\debug\semanalysis.obj
d:\2k1s\кпо\curseproject\tns-2022\tns-2022\tns-2022\debug\polishnotation.obj
d:\2k1s\кпо\curseproject\tns-2022\tns-2022\tns-2022\debug\genasm.obj
d:\2k1s\кпо\curseproject\tns-2022\tns-2022\debug\tns-2022.exe
d:\2k1s\кпо\curseproject\tns-2022\tns-2022\tns-2022\debug\tns-2022.ilk
d:\2k1s\кпо\curseproject\tns-2022\tns-2022\debug\tns-2022.pdb
d:\2k1s\кпо\curseproject\tns-2022\tns-2022\tns-2022\debug\genasm.obj.enc
d:\2k1s\кпо\curseproject\tns-2022\tns-2022\tns-2022\debug\it.obj.enc
d:\2k1s\кпо\curseproject\tns-2022\tns-2022\tns-2022\debug\lexanalysis.obj.enc
d:\2k1s\кпо\curseproject\tns-2022\tns-2022\tns-2022\debug\out.obj.enc
d:\2k1s\кпо\curseproject\tns-2022\tns-2022\tns-2022\debug\polishnotation.obj.enc
d:\2k1s\кпо\curseproject\tns-2022\tns-2022\tns-2022\debug\semanalysis.obj.enc
d:\2k1s\кпо\curseproject\tns-2022\tns-2022\tns-2022\debug\tns-2022.obj.enc
d:\2k1s\кпо\curseproject\tns-2022\tns-2022\tns-2022\debug\tns-2022.tlog\cl.command.1.tlog
d:\2k1s\кпо\curseproject\tns-2022\tns-2022\tns-2022\debug\tns-2022.tlog\cl.read.1.tlog
d:\2k1s\кпо\curseproject\tns-2022\tns-2022\tns-2022\debug\tns-2022.tlog\cl.write.1.tlog
d:\2k1s\кпо\curseproject\tns-2022\tns-2022\tns-2022\debug\tns-2022.tlog\link.command.1.tlog
d:\2k1s\кпо\curseproject\tns-2022\tns-2022\tns-2022\debug\tns-2022.tlog\link.read.1.tlog
d:\2k1s\кпо\curseproject\tns-2022\tns-2022\tns-2022\debug\tns-2022.tlog\link.write.1.tlog
